============================= test session starts ==============================
platform darwin -- Python 3.12.12, pytest-9.0.2, pluggy-1.6.0 -- /Users/jack/src/manabot.rust-migration/.venv/bin/python3
cachedir: .pytest_cache
rootdir: /Users/jack/src/manabot.rust-migration
configfile: pyproject.toml
plugins: hydra-core-1.3.2
collecting ... collected 65 items

tests/env/test_env.py::TestEnvironment::test_initialization PASSED       [  1%]
tests/env/test_env.py::TestEnvironment::test_step_types PASSED           [  3%]
tests/env/test_env.py::TestEnvironment::test_game_completion PASSED      [  4%]
tests/env/test_env.py::TestEnvironment::test_consistent_stepping[1] PASSED [  6%]
tests/env/test_env.py::TestEnvironment::test_consistent_stepping[10] PASSED [  7%]
tests/env/test_env.py::TestEnvironment::test_consistent_stepping[100] PASSED [  9%]
tests/env/test_env.py::TestEnvironment::test_vectorenv_tensor_outputs PASSED [ 10%]
tests/env/test_env.py::TestEnvironment::test_vectorenv_single_agent_mode PASSED [ 12%]
tests/env/test_env.py::TestEnvironment::test_agent_turns_distribution PASSED [ 13%]
tests/env/test_match.py::TestDeckParsing::test_valid_formats[json] PASSED [ 15%]
tests/env/test_match.py::TestDeckParsing::test_valid_formats[simple] PASSED [ 16%]
tests/env/test_match.py::TestDeckParsing::test_valid_formats[spaced] PASSED [ 18%]
tests/env/test_match.py::TestDeckParsing::test_invalid_formats[{invalid json}-ValueError] PASSED [ 20%]
tests/env/test_match.py::TestDeckParsing::test_invalid_formats[Mountain,Forest-ValueError] PASSED [ 21%]
tests/env/test_match.py::TestDeckParsing::test_invalid_formats[Mountain:twelve-ValueError] PASSED [ 23%]
tests/env/test_match.py::TestDeckParsing::test_invalid_formats[-ValueError] PASSED [ 24%]
tests/env/test_match.py::TestDeckParsing::test_invalid_formats[Mountain:12:extra-ValueError] PASSED [ 26%]
tests/env/test_match.py::TestMatch::test_default_configuration PASSED    [ 27%]
tests/env/test_match.py::TestMatch::test_deck_independence PASSED        [ 29%]
tests/env/test_match.py::TestMatch::test_cpp_conversion PASSED           [ 30%]
tests/env/test_match.py::test_reward_correct_both_players[0] PASSED      [ 32%]
tests/env/test_match.py::test_reward_correct_both_players[1] PASSED      [ 33%]
tests/env/test_observation.py::TestEnumParity::test_zone_enum[0-cpp_enum0] PASSED [ 35%]
tests/env/test_observation.py::TestEnumParity::test_zone_enum[1-cpp_enum1] PASSED [ 36%]
tests/env/test_observation.py::TestEnumParity::test_zone_enum[2-cpp_enum2] PASSED [ 38%]
tests/env/test_observation.py::TestEnumParity::test_zone_enum[3-cpp_enum3] PASSED [ 40%]
tests/env/test_observation.py::TestEnumParity::test_zone_enum[4-cpp_enum4] PASSED [ 41%]
tests/env/test_observation.py::TestEnumParity::test_zone_enum[5-cpp_enum5] PASSED [ 43%]
tests/env/test_observation.py::TestEnumParity::test_zone_enum[6-cpp_enum6] PASSED [ 44%]
tests/env/test_observation.py::TestEnumParity::test_phase_enum[0-cpp_enum0] PASSED [ 46%]
tests/env/test_observation.py::TestEnumParity::test_phase_enum[1-cpp_enum1] PASSED [ 47%]
tests/env/test_observation.py::TestEnumParity::test_phase_enum[2-cpp_enum2] PASSED [ 49%]
tests/env/test_observation.py::TestEnumParity::test_phase_enum[3-cpp_enum3] PASSED [ 50%]
tests/env/test_observation.py::TestEnumParity::test_phase_enum[4-cpp_enum4] PASSED [ 52%]
tests/env/test_observation.py::TestEnumParity::test_step_enum[0-cpp_enum0] PASSED [ 53%]
tests/env/test_observation.py::TestEnumParity::test_step_enum[1-cpp_enum1] PASSED [ 55%]
tests/env/test_observation.py::TestEnumParity::test_step_enum[2-cpp_enum2] PASSED [ 56%]
tests/env/test_observation.py::TestEnumParity::test_step_enum[3-cpp_enum3] PASSED [ 58%]
tests/env/test_observation.py::TestEnumParity::test_step_enum[4-cpp_enum4] PASSED [ 60%]
tests/env/test_observation.py::TestEnumParity::test_step_enum[5-cpp_enum5] PASSED [ 61%]
tests/env/test_observation.py::TestEnumParity::test_step_enum[6-cpp_enum6] PASSED [ 63%]
tests/env/test_observation.py::TestEnumParity::test_step_enum[7-cpp_enum7] PASSED [ 64%]
tests/env/test_observation.py::TestEnumParity::test_step_enum[8-cpp_enum8] PASSED [ 66%]
tests/env/test_observation.py::TestEnumParity::test_step_enum[9-cpp_enum9] PASSED [ 67%]
tests/env/test_observation.py::TestEnumParity::test_step_enum[10-cpp_enum10] PASSED [ 69%]
tests/env/test_observation.py::TestEnumParity::test_step_enum[11-cpp_enum11] PASSED [ 70%]
tests/env/test_observation.py::TestObservationEncoder::test_encode_observation PASSED [ 72%]
tests/env/test_observation.py::TestObservationEncoder::test_validity_masks PASSED [ 73%]
tests/env/test_observation.py::TestObservationEncoder::test_object_index_mapping PASSED [ 75%]
tests/env/test_observation.py::TestObservationEncoder::test_focus_indices PASSED [ 76%]
tests/env/test_observation.py::TestObservationEncoder::test_action_space_truncation_warning PASSED [ 78%]
tests/env/test_single_agent_env.py::test_passive_policy_picks_pass_priority PASSED [ 80%]
tests/env/test_single_agent_env.py::test_random_policy_picks_only_valid_actions PASSED [ 81%]
tests/env/test_single_agent_env.py::test_reset_skips_initial_opponent_turn PASSED [ 83%]
tests/env/test_single_agent_env.py::test_terminal_on_opponent_turn_negates_reward PASSED [ 84%]
tests/env/test_single_agent_env.py::test_terminal_flags_latched_after_post_reset_skip PASSED [ 86%]
tests/agent/test_managym.py::TestManagym::test_init PASSED               [ 87%]
tests/agent/test_managym.py::TestManagym::test_reset_returns_valid_state PASSED [ 89%]
tests/agent/test_managym.py::TestManagym::test_multiple_resets PASSED    [ 90%]
tests/agent/test_managym.py::TestManagym::test_valid_game_loop PASSED    [ 92%]
tests/agent/test_managym.py::TestManagym::test_invalid_action_handling PASSED [ 93%]
tests/agent/test_managym.py::TestManagym::test_observation_validation PASSED [ 95%]
tests/agent/test_managym.py::TestManagym::test_reward_on_victory PASSED  [ 96%]
tests/agent/test_managym.py::TestManagym::test_play_land_and_cast_spell PASSED [ 98%]
tests/agent/test_managym.py::TestManagym::test_skip_trivial_false PASSED [100%]

============================== 65 passed in 3.75s ==============================
